 2014-09-25 20:17:37   ImportManner键的值是：hour
 2014-09-25 20:17:37   日志目录的值是：D:\java\traffic\
 2014-09-25 20:17:39   ImportManner键的值是：hour
 2014-09-25 20:17:42   ImportManner键的值是：hour
 2014-09-25 20:54:53   ImportManner键的值是：hour
 2014-09-25 20:54:53   日志目录的值是：D:\java\traffic\
 2014-09-25 20:57:36   ImportManner键的值是：hour
 2014-09-25 20:57:36   日志目录的值是：D:\java\traffic\
 2014-09-25 20:59:25   ImportManner键的值是：hour
 2014-09-25 20:59:25   日志目录的值是：D:\java\traffic\
 2014-09-25 20:59:56   ImportManner键的值是：hour
 2014-09-25 20:59:56   日志目录的值是：D:\java\traffic\
 2014-09-25 21:00:38   ImportManner键的值是：hour
 2014-09-25 21:00:38   日志目录的值是：D:\java\traffic\
 2014-09-25 21:01:51   ImportManner键的值是：hour
 2014-09-25 21:01:51   日志目录的值是：D:\java\traffic\
 2014-09-25 21:03:10   ImportManner键的值是：hour
 2014-09-25 21:03:10   日志目录的值是：D:\java\traffic\
 2014-09-25 21:03:46   ImportManner键的值是：hour
 2014-09-25 21:03:46   日志目录的值是：D:\java\traffic\
 2014-09-25 22:28:12   ImportManner键的值是：hour
 2014-09-25 22:28:12   日志目录的值是：D:\java\traffic\
 2014-09-25 22:28:17   ImportManner键的值是：hour
 2014-09-25 22:28:17   日志目录的值是：D:\java\traffic\
 2014-09-25 22:28:18   ImportManner键的值是：hour
 2014-09-25 22:28:26   ImportManner键的值是：hour
 2014-09-25 22:34:08   ImportManner键的值是：hour
 2014-09-25 22:34:08   日志目录的值是：D:\java\traffic\
 2014-09-25 22:41:25   ImportManner键的值是：hour
 2014-09-25 22:41:25   日志目录的值是：D:\java\traffic\
 2014-09-25 22:41:31   ImportManner键的值是：hour
 2014-09-25 22:41:53   ImportManner键的值是：hour
 2014-09-25 22:41:53   日志目录的值是：D:\java\traffic\
 2014-09-25 22:41:55   ImportManner键的值是：hour
 2014-09-25 22:42:32   ImportManner键的值是：hour
 2014-09-25 22:42:32   日志目录的值是：D:\java\traffic\
 2014-09-25 22:43:19   ImportManner键的值是：hour
 2014-09-25 22:43:19   日志目录的值是：D:\java\traffic\
 2014-09-25 22:43:36   ImportManner键的值是：hour
 2014-09-25 22:43:36   日志目录的值是：D:\java\traffic\
 2014-09-25 22:43:50   ImportManner键的值是：hour
 2014-09-25 22:43:50   日志目录的值是：D:\java\traffic\
 2014-09-25 22:47:05   ImportManner键的值是：hour
 2014-09-25 22:47:05   日志目录的值是：D:\java\traffic\
 2014-09-25 22:47:25   ImportManner键的值是：hour
 2014-09-25 22:47:25   日志目录的值是：D:\java\traffic\
 2014-09-25 22:47:34   ImportManner键的值是：hour
 2014-09-25 22:47:35   日志目录的值是：D:\java\traffic\
 2014-09-25 22:47:46   ImportManner键的值是：hour
 2014-09-25 22:47:46   日志目录的值是：D:\java\traffic\
 2014-09-25 22:49:47   ImportManner键的值是：hour
 2014-09-25 22:49:47   日志目录的值是：D:\java\traffic\
 2014-09-25 22:50:32   ImportManner键的值是：hour
 2014-09-25 22:50:32   日志目录的值是：D:\java\traffic\
 2014-09-25 22:50:56   ImportManner键的值是：hour
 2014-09-25 22:50:56   日志目录的值是：D:\java\traffic\
 2014-09-25 22:50:57   ImportManner键的值是：hour
 2014-09-25 22:51:05   ImportManner键的值是：hour
 2014-09-25 22:51:06   日志目录的值是：D:\java\traffic\
 2014-09-25 22:52:07   ImportManner键的值是：hour
 2014-09-25 22:52:07   日志目录的值是：D:\java\traffic\
 2014-09-25 22:53:25   ImportManner键的值是：hour
 2014-09-25 22:53:25   日志目录的值是：D:\java\traffic\
 2014-09-25 22:54:03   ImportManner键的值是：hour
 2014-09-25 22:54:03   日志目录的值是：D:\java\traffic\
 2014-09-25 22:54:18   ImportManner键的值是：hour
 2014-09-25 22:54:18   日志目录的值是：D:\java\traffic\
 2014-09-25 22:54:47   ImportManner键的值是：hour
 2014-09-25 22:54:47   日志目录的值是：D:\java\traffic\
 2014-09-25 22:55:23   ImportManner键的值是：hour
 2014-09-25 22:55:23   日志目录的值是：D:\java\traffic\
 2014-09-25 22:55:49   ImportManner键的值是：hour
 2014-09-25 22:55:49   日志目录的值是：D:\java\traffic\
 2014-09-25 22:57:15   ImportManner键的值是：hour
 2014-09-25 22:57:15   日志目录的值是：D:\java\traffic\
 2014-09-25 22:57:27   ImportManner键的值是：hour
 2014-09-25 22:57:27   日志目录的值是：D:\java\traffic\
 2014-09-25 23:00:46   ImportManner键的值是：hour
 2014-09-25 23:00:46   日志目录的值是：D:\java\traffic\
 2014-09-25 23:05:15   ImportManner键的值是：hour
 2014-09-25 23:05:15   日志目录的值是：D:\java\traffic\
 2014-09-25 23:06:47   ImportManner键的值是：hour
 2014-09-25 23:06:48   日志目录的值是：D:\java\traffic\
 2014-09-25 23:08:07   ImportManner键的值是：hour
 2014-09-25 23:08:07   日志目录的值是：D:\java\traffic\
 2014-09-25 23:08:22   ImportManner键的值是：hour
 2014-09-25 23:08:22   日志目录的值是：D:\java\traffic\
 2014-09-25 23:08:49   ImportManner键的值是：hour
 2014-09-25 23:08:49   日志目录的值是：D:\java\traffic\
 2014-09-25 23:09:18   ImportManner键的值是：hour
 2014-09-25 23:09:19   日志目录的值是：D:\java\traffic\
 2014-09-25 23:09:20   ImportManner键的值是：hour
 2014-09-25 23:10:41   ImportManner键的值是：hour
 2014-09-25 23:10:41   日志目录的值是：D:\java\traffic\
 2014-09-25 23:11:00   ImportManner键的值是：hour
 2014-09-25 23:11:01   日志目录的值是：D:\java\traffic\
 2014-09-25 23:12:12   ImportManner键的值是：hour
 2014-09-25 23:12:12   日志目录的值是：D:\java\traffic\
 2014-09-25 23:13:45   ImportManner键的值是：hour
 2014-09-25 23:13:45   日志目录的值是：D:\java\traffic\
 2014-09-25 23:20:37   ImportManner键的值是：hour
 2014-09-25 23:20:37   日志目录的值是：D:\java\traffic\
 2014-09-25 23:21:36   ImportManner键的值是：hour
 2014-09-25 23:21:36   日志目录的值是：D:\java\traffic\
 2014-09-25 23:24:26   ImportManner键的值是：hour
 2014-09-25 23:24:26   日志目录的值是：D:\java\traffic\
 2014-09-25 23:26:13   ImportManner键的值是：hour
 2014-09-25 23:26:14   日志目录的值是：D:\java\traffic\
 2014-09-25 23:27:29   ImportManner键的值是：hour
 2014-09-25 23:27:29   日志目录的值是：D:\java\traffic\
 2014-09-25 23:28:14   ImportManner键的值是：hour
 2014-09-25 23:28:14   日志目录的值是：D:\java\traffic\
 2014-09-25 23:28:17   ImportManner键的值是：hour
 2014-09-25 23:28:18   日志目录的值是：D:\java\traffic\
 2014-09-25 23:29:39   全时手动！D:\java\traffic\140831A.LOG
 2014-09-25 23:30:08   ImportManner键的值是：manual
 2014-09-25 23:30:13   ImportManner键的值是：manual
 2014-09-25 23:30:14   日志目录的值是：D:\java\traffic\
 2014-09-25 23:31:40   全时手动！D:\java\traffic\140831A.LOG
 2014-09-25 23:32:03   ImportManner键的值是：manual
 2014-09-25 23:32:03   日志目录的值是：D:\java\traffic\
 2014-09-25 23:32:06   ImportManner键的值是：manual
 2014-09-26 23:42:10   ImportManner键的值是：manual
 2014-09-26 23:42:10   日志目录的值是：D:\java\traffic\
 2014-09-26 23:43:45   ImportManner键的值是：manual
 2014-09-26 23:43:45   日志目录的值是：D:\java\traffic\
 2014-09-26 23:44:26   ImportManner键的值是：manual
 2014-09-26 23:44:26   日志目录的值是：D:\java\traffic\
 2014-09-26 23:44:26   ImportManner键的值是：manual
 2014-09-26 23:44:26   日志目录的值是：D:\java\traffic\
 2014-09-26 23:45:40   ImportManner键的值是：manual
 2014-09-26 23:45:40   日志目录的值是：D:\java\traffic\
 2014-09-26 23:49:21   ImportManner键的值是：manual
 2014-09-26 23:49:21   日志目录的值是：D:\java\traffic\
 2014-09-26 23:54:30   ImportManner键的值是：manual
 2014-09-26 23:54:30   日志目录的值是：D:\java\traffic\
 2014-09-26 23:55:06   ImportManner键的值是：manual
 2014-09-26 23:55:06   日志目录的值是：D:\java\traffic\
 2014-09-26 23:56:13   ImportManner键的值是：manual
 2014-09-26 23:56:13   日志目录的值是：D:\java\traffic\
 2014-09-26 23:56:24   ImportManner键的值是：manual
 2014-09-26 23:56:24   日志目录的值是：D:\java\traffic\
 2014-09-26 23:57:04   ImportManner键的值是：manual
 2014-09-26 23:57:04   日志目录的值是：D:\java\traffic\
 2014-09-26 23:57:28   ImportManner键的值是：manual
 2014-09-26 23:57:28   日志目录的值是：D:\java\traffic\
 2014-09-27 13:49:13   ImportManner键的值是：manual
 2014-09-27 13:49:13   日志目录的值是：D:\java\traffic\
 2014-09-27 13:49:15   ImportManner键的值是：manual
 2014-09-27 13:49:44   ImportManner键的值是：manual
 2014-09-27 13:49:44   日志目录的值是：D:\java\traffic\
 2014-09-27 13:49:46   ImportManner键的值是：manual
 2014-09-27 13:50:05   ImportManner键的值是：manual
 2014-09-27 13:50:05   日志目录的值是：D:\java\traffic\
 2014-09-27 13:50:06   ImportManner键的值是：manual
 2014-09-27 13:50:22   ImportManner键的值是：manual
 2014-09-27 13:50:22   日志目录的值是：D:\java\traffic\
 2014-09-27 13:50:23   ImportManner键的值是：manual
 2014-09-27 13:50:35   ImportManner键的值是：manual
 2014-09-27 13:50:35   日志目录的值是：D:\java\traffic\
 2014-09-27 13:50:37   ImportManner键的值是：manual
 2014-09-27 13:57:24   ImportManner键的值是：manual
 2014-09-27 13:57:24   日志目录的值是：D:\java\traffic\
 2014-09-27 13:57:26   ImportManner键的值是：manual
 2014-09-27 13:57:29   ImportManner键的值是：manual
 2014-09-27 13:57:30   日志目录的值是：D:\java\traffic\
 2014-09-27 13:59:12   全时手动！D:\java\traffic\140906A.LOG
 2014-09-27 13:59:39   ImportManner键的值是：manual
 2014-09-27 13:59:39   日志目录的值是：D:\java\traffic\
 2014-09-27 13:59:41   ImportManner键的值是：manual
 2014-09-27 13:59:43   日志目录的值是：D:\java\traffic\
 2014-09-27 14:05:30   ImportManner键的值是：manual
 2014-09-27 14:05:30   日志目录的值是：D:\java\traffic\
 2014-09-27 14:05:32   ImportManner键的值是：manual
 2014-09-27 14:05:34   日志目录的值是：D:\java\traffic\
 2014-09-27 14:06:40   ImportManner键的值是：manual
 2014-09-27 14:06:40   日志目录的值是：D:\java\traffic\
 2014-09-27 14:06:41   ImportManner键的值是：manual
 2014-09-27 14:06:43   日志目录的值是：D:\java\traffic\
 2014-09-27 14:06:48   全时手动！D:\java\traffic\140921A.LOG
 2014-09-27 14:07:08   ImportManner键的值是：manual
 2014-09-27 14:07:08   日志目录的值是：D:\java\traffic\
 2014-09-27 14:07:10   ImportManner键的值是：manual
 2014-09-27 14:07:11   日志目录的值是：D:\java\traffic\
 2014-09-27 14:07:18   全时手动！D:\java\traffic\140921A.LOG
 2014-09-27 14:07:21   日志目录的值是：D:\java\traffic\
 2014-09-27 14:08:49   全时手动！D:\java\traffic\140906A.LOG
 2014-09-27 14:29:40   ImportManner键的值是：manual
 2014-09-27 14:29:40   日志目录的值是：D:\java\traffic\
 2014-09-27 14:29:42   ImportManner键的值是：manual
 2014-09-27 14:29:43   日志目录的值是：D:\java\traffic\
 2014-09-27 14:31:22   全时手动！D:\java\traffic\140904A.LOG
 2014-09-27 21:50:30   ImportManner键的值是：manual
 2014-09-27 21:50:30   日志目录的值是：D:\java\traffic\
 2014-09-27 21:50:32   ImportManner键的值是：manual
 2014-09-27 21:50:34   日志目录的值是：D:\java\traffic\
 2014-09-27 21:52:26   ImportManner键的值是：manual
 2014-09-27 21:52:26   日志目录的值是：D:\java\traffic\
 2014-09-27 21:52:28   ImportManner键的值是：manual
 2014-09-27 21:52:30   日志目录的值是：D:\java\traffic\
 2014-09-27 21:53:20   ImportManner键的值是：manual
 2014-09-27 21:53:20   日志目录的值是：D:\java\traffic\
 2014-09-27 21:53:22   ImportManner键的值是：manual
 2014-09-27 21:53:23   日志目录的值是：D:\java\traffic\
 2014-09-27 21:54:38   ImportManner键的值是：manual
 2014-09-27 21:54:38   日志目录的值是：D:\java\traffic\
 2014-09-27 21:54:39   ImportManner键的值是：manual
 2014-09-27 21:54:41   日志目录的值是：D:\java\traffic\
 2014-09-27 21:54:42   日志目录的值是：D:\java\traffic\
 2014-09-27 21:55:00   ImportManner键的值是：manual
 2014-09-27 21:55:00   日志目录的值是：D:\java\traffic\
 2014-09-27 21:55:01   ImportManner键的值是：manual
 2014-09-27 21:55:17   日志目录的值是：D:\java\traffic\
 2014-09-27 21:55:52   ImportManner键的值是：manual
 2014-09-27 21:55:52   日志目录的值是：D:\java\traffic\
 2014-09-27 21:55:53   ImportManner键的值是：manual
 2014-09-27 21:56:05   日志目录的值是：D:\java\traffic\
 2014-09-27 21:58:28   ImportManner键的值是：manual
 2014-09-27 21:58:28   日志目录的值是：D:\java\traffic\
 2014-09-27 21:58:29   ImportManner键的值是：manual
 2014-09-27 21:58:30   日志目录的值是：D:\java\traffic\
 2014-09-27 21:59:50   ImportManner键的值是：manual
 2014-09-27 21:59:50   日志目录的值是：D:\java\traffic\
 2014-09-27 21:59:52   ImportManner键的值是：manual
 2014-09-27 21:59:54   日志目录的值是：D:\java\traffic\
 2014-09-27 22:00:53   ImportManner键的值是：manual
 2014-09-27 22:00:53   日志目录的值是：D:\java\traffic\
 2014-09-27 22:00:54   ImportManner键的值是：manual
 2014-09-27 22:00:55   日志目录的值是：D:\java\traffic\
 2014-09-27 22:01:45   ImportManner键的值是：manual
 2014-09-27 22:01:45   日志目录的值是：D:\java\traffic\
 2014-09-27 22:01:48   ImportManner键的值是：manual
 2014-09-27 22:01:49   日志目录的值是：D:\java\traffic\
 2014-09-27 22:11:34   ImportManner键的值是：manual
 2014-09-27 22:11:34   日志目录的值是：D:\java\traffic\
 2014-09-27 22:11:35   ImportManner键的值是：manual
 2014-09-27 22:11:36   日志目录的值是：D:\java\traffic\
 2014-09-27 22:12:12   ImportManner键的值是：manual
 2014-09-27 22:12:12   日志目录的值是：D:\java\traffic\
 2014-09-27 22:12:14   ImportManner键的值是：manual
 2014-09-27 22:12:15   日志目录的值是：D:\java\traffic\
 2014-09-27 22:14:28   ImportManner键的值是：manual
 2014-09-27 22:14:28   日志目录的值是：D:\java\traffic\
 2014-09-27 22:14:30   ImportManner键的值是：manual
 2014-09-27 22:14:31   日志目录的值是：D:\java\traffic\
 2014-09-27 22:16:03   全时手动！D:\java\traffic\140906A.LOG
 2014-09-27 22:18:50   ImportManner键的值是：manual
 2014-09-27 22:18:51   日志目录的值是：D:\java\traffic\
 2014-09-27 22:19:02   全时手动！D:\java\traffic\140921A.LOG
 2014-09-27 22:19:17   日志目录的值是：D:\java\traffic\
 2014-09-27 22:22:50   ImportManner键的值是：manual
 2014-09-27 22:22:51   日志目录的值是：D:\java\traffic\
 2014-09-27 22:22:52   ImportManner键的值是：manual
 2014-09-27 22:22:53   日志目录的值是：D:\java\traffic\
 2014-09-27 22:23:19   ImportManner键的值是：manual
 2014-09-27 22:23:19   日志目录的值是：D:\java\traffic\
 2014-09-27 22:23:20   ImportManner键的值是：manual
 2014-09-27 22:23:22   日志目录的值是：D:\java\traffic\
 2014-09-27 22:24:14   ImportManner键的值是：manual
 2014-09-27 22:24:14   日志目录的值是：D:\java\traffic\
 2014-09-27 22:24:16   ImportManner键的值是：manual
 2014-09-27 22:24:17   日志目录的值是：D:\java\traffic\
 2014-09-27 22:25:14   ImportManner键的值是：manual
 2014-09-27 22:25:14   日志目录的值是：D:\java\traffic\
 2014-09-27 22:25:16   ImportManner键的值是：manual
 2014-09-27 22:25:17   日志目录的值是：D:\java\traffic\
 2014-09-27 22:26:26   ImportManner键的值是：manual
 2014-09-27 22:26:27   日志目录的值是：D:\java\traffic\
 2014-09-27 22:26:28   ImportManner键的值是：manual
 2014-09-27 22:26:29   日志目录的值是：D:\java\traffic\
 2014-09-27 22:26:37   全时手动！D:\java\traffic\140921A.LOG
 2014-09-27 23:06:23   ImportManner键的值是：manual
 2014-09-27 23:06:23   日志目录的值是：D:\java\traffic\
 2014-09-27 23:06:25   ImportManner键的值是：manual
 2014-09-27 23:06:26   日志目录的值是：D:\java\traffic\
 2014-09-27 23:09:00   ImportManner键的值是：manual
 2014-09-27 23:09:00   日志目录的值是：D:\java\traffic\
 2014-09-27 23:09:01   ImportManner键的值是：manual
 2014-09-27 23:09:02   日志目录的值是：D:\java\traffic\
 2014-09-27 23:10:45   ImportManner键的值是：manual
 2014-09-27 23:10:45   日志目录的值是：D:\java\traffic\
 2014-09-27 23:10:47   ImportManner键的值是：manual
 2014-09-27 23:10:48   日志目录的值是：D:\java\traffic\
 2014-09-27 23:13:45   ImportManner键的值是：manual
 2014-09-27 23:13:45   日志目录的值是：D:\java\traffic\
 2014-09-27 23:13:47   ImportManner键的值是：manual
 2014-09-27 23:13:48   日志目录的值是：D:\java\traffic\
 2014-09-27 23:29:30   ImportManner键的值是：manual
 2014-09-27 23:29:30   日志目录的值是：D:\java\traffic\
 2014-09-27 23:29:31   ImportManner键的值是：manual
 2014-09-27 23:29:32   日志目录的值是：D:\java\traffic\
 2014-09-27 23:30:06   ImportManner键的值是：manual
 2014-09-27 23:30:06   日志目录的值是：D:\java\traffic\
 2014-09-27 23:30:08   ImportManner键的值是：manual
 2014-09-27 23:30:09   日志目录的值是：D:\java\traffic\
 2014-09-27 23:35:19   ImportManner键的值是：manual
 2014-09-27 23:35:19   日志目录的值是：D:\java\traffic\
 2014-09-27 23:35:21   ImportManner键的值是：manual
 2014-09-27 23:35:22   日志目录的值是：D:\java\traffic\
 2014-09-27 23:36:26   ImportManner键的值是：manual
 2014-09-27 23:36:26   日志目录的值是：D:\java\traffic\
 2014-09-27 23:36:43   ImportManner键的值是：manual
 2014-09-27 23:36:43   日志目录的值是：D:\java\traffic\
 2014-09-27 23:36:44   ImportManner键的值是：manual
 2014-09-27 23:36:46   日志目录的值是：D:\java\traffic\
 2014-09-27 23:38:07   ImportManner键的值是：manual
 2014-09-27 23:38:07   日志目录的值是：D:\java\traffic\
 2014-09-27 23:38:08   ImportManner键的值是：manual
 2014-09-27 23:38:09   日志目录的值是：D:\java\traffic\
 2014-09-27 23:39:18   ImportManner键的值是：manual
 2014-09-27 23:39:18   日志目录的值是：D:\java\traffic\
 2014-09-27 23:39:36   ImportManner键的值是：manual
 2014-09-27 23:39:36   日志目录的值是：D:\java\traffic\
 2014-09-27 23:39:37   ImportManner键的值是：manual
 2014-09-27 23:39:38   日志目录的值是：D:\java\traffic\
 2014-09-27 23:42:08   ImportManner键的值是：manual
 2014-09-27 23:42:08   日志目录的值是：D:\java\traffic\
 2014-09-27 23:44:18   ImportManner键的值是：manual
 2014-09-27 23:44:18   日志目录的值是：D:\java\traffic\
 2014-09-27 23:44:19   ImportManner键的值是：manual
 2014-09-27 23:44:20   日志目录的值是：D:\java\traffic\
 2014-09-27 23:44:56   ImportManner键的值是：manual
 2014-09-27 23:44:56   日志目录的值是：D:\java\traffic\
 2014-09-27 23:44:57   ImportManner键的值是：manual
 2014-09-27 23:44:58   日志目录的值是：D:\java\traffic\
 2014-09-27 23:45:38   ImportManner键的值是：manual
 2014-09-27 23:45:38   日志目录的值是：D:\java\traffic\
 2014-09-28 19:54:48   ImportManner键的值是：manual
 2014-09-28 19:54:48   日志目录的值是：D:\java\traffic\
 2014-09-28 19:55:28   ImportManner键的值是：manual
 2014-09-28 19:55:30   日志目录的值是：D:\java\traffic\
 2014-09-28 19:55:38   全时手动！D:\java\traffic\140921A.LOG
 2014-09-28 19:59:34   ImportManner键的值是：manual
 2014-09-28 19:59:35   日志目录的值是：D:\java\traffic\
 2014-09-28 19:59:36   ImportManner键的值是：manual
 2014-09-28 19:59:59   ImportManner键的值是：manual
 2014-09-28 19:59:59   日志目录的值是：D:\java\traffic\
 2014-09-28 20:00:01   ImportManner键的值是：manual
 2014-09-28 20:00:02   日志目录的值是：D:\java\traffic\
 2014-09-28 20:00:55   ImportManner键的值是：manual
 2014-09-28 20:00:55   日志目录的值是：D:\java\traffic\
 2014-09-28 20:00:56   ImportManner键的值是：manual
 2014-09-28 20:00:57   日志目录的值是：D:\java\traffic\
 2014-09-28 20:02:29   ImportManner键的值是：manual
 2014-09-28 20:02:30   日志目录的值是：D:\java\traffic\
 2014-09-28 20:02:31   ImportManner键的值是：manual
 2014-09-28 20:02:32   日志目录的值是：D:\java\traffic\
 2014-09-28 20:03:10   ImportManner键的值是：manual
 2014-09-28 20:03:10   日志目录的值是：D:\java\traffic\
 2014-09-28 20:03:12   ImportManner键的值是：manual
 2014-09-28 20:03:13   日志目录的值是：D:\java\traffic\
 2014-09-28 20:03:21   全时手动！D:\java\traffic\140921A.LOG
 2014-09-28 20:04:04   ImportManner键的值是：manual
 2014-09-28 20:04:04   日志目录的值是：D:\java\traffic\
 2014-09-28 20:04:05   ImportManner键的值是：manual
 2014-09-28 20:04:06   日志目录的值是：D:\java\traffic\
 2014-09-28 20:09:30   ImportManner键的值是：manual
 2014-09-28 20:09:31   日志目录的值是：D:\java\traffic\
 2014-09-28 20:09:32   ImportManner键的值是：manual
 2014-09-28 20:09:33   日志目录的值是：D:\java\traffic\
 2014-09-28 20:10:37   ImportManner键的值是：manual
 2014-09-28 20:10:37   日志目录的值是：D:\java\traffic\
 2014-09-28 20:10:38   ImportManner键的值是：manual
 2014-09-28 20:10:39   日志目录的值是：D:\java\traffic\
 2014-09-28 20:11:19   ImportManner键的值是：manual
 2014-09-28 20:11:19   日志目录的值是：D:\java\traffic\
 2014-09-28 20:11:21   ImportManner键的值是：manual
 2014-09-28 20:11:21   日志目录的值是：D:\java\traffic\
 2014-09-28 20:11:42   ImportManner键的值是：manual
 2014-09-28 20:11:42   日志目录的值是：D:\java\traffic\
 2014-09-28 20:11:49   ImportManner键的值是：manual
 2014-09-28 20:11:49   日志目录的值是：D:\java\traffic\
 2014-09-28 20:11:50   ImportManner键的值是：manual
 2014-09-28 20:11:51   日志目录的值是：D:\java\traffic\
 2014-09-28 20:12:33   ImportManner键的值是：manual
 2014-09-28 20:12:33   日志目录的值是：D:\java\traffic\
 2014-09-28 20:12:40   ImportManner键的值是：manual
 2014-09-28 20:12:41   日志目录的值是：D:\java\traffic\
 2014-09-28 20:12:42   ImportManner键的值是：manual
 2014-09-28 20:12:43   日志目录的值是：D:\java\traffic\
 2014-09-28 20:23:35   ImportManner键的值是：manual
 2014-09-28 20:23:35   日志目录的值是：D:\java\traffic\
 2014-09-28 20:23:37   ImportManner键的值是：manual
 2014-09-28 20:23:39   日志目录的值是：D:\java\traffic\
 2014-09-28 20:24:06   ImportManner键的值是：manual
 2014-09-28 20:24:06   日志目录的值是：D:\java\traffic\
 2014-09-28 20:24:08   ImportManner键的值是：manual
 2014-09-28 20:24:09   日志目录的值是：D:\java\traffic\
 2014-09-28 20:24:14   全时手动！D:\java\traffic\140921A.LOG
 2014-09-28 20:26:02   ImportManner键的值是：manual
 2014-09-28 20:26:02   日志目录的值是：D:\java\traffic\
 2014-09-28 20:26:04   ImportManner键的值是：manual
 2014-09-28 20:26:05   日志目录的值是：D:\java\traffic\
 2014-09-28 20:26:11   全时手动！D:\java\traffic\140921A.LOG
 2014-09-28 20:27:00   ImportManner键的值是：manual
 2014-09-28 20:27:00   日志目录的值是：D:\java\traffic\
 2014-09-28 20:27:01   ImportManner键的值是：manual
 2014-09-28 20:27:02   日志目录的值是：D:\java\traffic\
 2014-09-28 20:27:07   全时手动！D:\java\traffic\140921A.LOG
 2014-09-28 20:27:40   ImportManner键的值是：manual
 2014-09-28 20:27:40   日志目录的值是：D:\java\traffic\
 2014-09-28 20:27:41   ImportManner键的值是：manual
 2014-09-28 20:27:42   日志目录的值是：D:\java\traffic\
 2014-09-28 20:27:48   全时手动！D:\java\traffic\140921A.LOG
 2014-09-28 20:30:04   ImportManner键的值是：manual
 2014-09-28 20:30:04   日志目录的值是：D:\java\traffic\
 2014-09-28 20:30:06   ImportManner键的值是：manual
 2014-09-28 20:30:07   日志目录的值是：D:\java\traffic\
 2014-09-28 20:30:13   全时手动！D:\java\traffic\140921A.LOG
 2014-09-28 20:30:47   ImportManner键的值是：manual
 2014-09-28 20:30:47   日志目录的值是：D:\java\traffic\
 2014-09-28 20:30:49   ImportManner键的值是：manual
 2014-09-28 20:30:50   日志目录的值是：D:\java\traffic\
 2014-09-28 20:31:08   全时手动！D:\java\traffic\140921A.LOG
 2014-09-28 20:32:23   ImportManner键的值是：manual
 2014-09-28 20:32:24   日志目录的值是：D:\java\traffic\
 2014-09-28 20:32:25   ImportManner键的值是：manual
 2014-09-28 20:32:26   日志目录的值是：D:\java\traffic\
 2014-09-28 20:32:32   全时手动！D:\java\traffic\140921A.LOG
 2014-09-28 20:32:48   ImportManner键的值是：manual
 2014-09-28 20:32:48   日志目录的值是：D:\java\traffic\
 2014-09-28 20:32:49   ImportManner键的值是：manual
 2014-09-28 20:32:50   日志目录的值是：D:\java\traffic\
 2014-09-28 20:33:00   全时手动！D:\java\traffic\140921A.LOG
 2014-09-28 20:33:59   ImportManner键的值是：manual
 2014-09-28 20:33:59   日志目录的值是：D:\java\traffic\
 2014-09-28 20:34:00   ImportManner键的值是：manual
 2014-09-28 20:34:01   日志目录的值是：D:\java\traffic\
 2014-09-28 20:34:10   全时手动！D:\java\traffic\140921A.LOG
 2014-09-28 20:34:20   ImportManner键的值是：manual
 2014-09-28 20:34:21   日志目录的值是：D:\java\traffic\
 2014-09-28 20:34:22   ImportManner键的值是：manual
 2014-09-28 20:34:23   日志目录的值是：D:\java\traffic\
 2014-09-28 20:34:47   全时手动！D:\java\traffic\140921A.LOG
 2014-09-28 20:36:07   ImportManner键的值是：manual
 2014-09-28 20:36:07   日志目录的值是：D:\java\traffic\
 2014-09-28 20:36:08   ImportManner键的值是：manual
 2014-09-28 20:36:09   日志目录的值是：D:\java\traffic\
 2014-09-28 20:36:14   全时手动！D:\java\traffic\140921A.LOG
 2014-09-28 20:39:51   ImportManner键的值是：manual
 2014-09-28 20:39:51   日志目录的值是：D:\java\traffic\
 2014-09-28 20:39:53   ImportManner键的值是：manual
 2014-09-28 20:39:54   日志目录的值是：D:\java\traffic\
 2014-09-28 20:39:59   全时手动！D:\java\traffic\140921A.LOG
 2014-09-28 20:40:56   ImportManner键的值是：manual
 2014-09-28 20:40:56   日志目录的值是：D:\java\traffic\
 2014-09-28 20:40:58   ImportManner键的值是：manual
 2014-09-28 20:40:59   日志目录的值是：D:\java\traffic\
 2014-09-28 20:41:04   全时手动！D:\java\traffic\140921A.LOG
 2014-09-28 20:41:28   ImportManner键的值是：manual
 2014-09-28 20:41:28   日志目录的值是：D:\java\traffic\
 2014-09-28 20:41:29   ImportManner键的值是：manual
 2014-09-28 20:41:31   日志目录的值是：D:\java\traffic\
 2014-09-28 20:41:38   全时手动！D:\java\traffic\140921A.LOG
 2014-09-28 20:41:59   ImportManner键的值是：manual
 2014-09-28 20:42:00   日志目录的值是：D:\java\traffic\
 2014-09-28 20:42:01   ImportManner键的值是：manual
 2014-09-28 20:42:02   日志目录的值是：D:\java\traffic\
 2014-09-28 20:42:07   全时手动！D:\java\traffic\140921A.LOG
 2014-09-28 20:42:33   ImportManner键的值是：manual
 2014-09-28 20:42:33   日志目录的值是：D:\java\traffic\
 2014-09-28 20:42:34   ImportManner键的值是：manual
 2014-09-28 20:42:35   日志目录的值是：D:\java\traffic\
 2014-09-28 20:42:40   全时手动！D:\java\traffic\140921A.LOG
 2014-09-28 20:43:00   ImportManner键的值是：manual
 2014-09-28 20:43:00   日志目录的值是：D:\java\traffic\
 2014-09-28 20:43:01   ImportManner键的值是：manual
 2014-09-28 20:43:02   日志目录的值是：D:\java\traffic\
 2014-09-28 20:43:07   全时手动！D:\java\traffic\140921A.LOG
 2014-09-28 20:43:45   ImportManner键的值是：manual
 2014-09-28 20:43:45   日志目录的值是：D:\java\traffic\
 2014-09-28 20:43:46   ImportManner键的值是：manual
 2014-09-28 20:43:47   日志目录的值是：D:\java\traffic\
 2014-09-28 20:43:53   全时手动！D:\java\traffic\140921A.LOG
 2014-09-28 20:44:38   ImportManner键的值是：manual
 2014-09-28 20:44:38   日志目录的值是：D:\java\traffic\
 2014-09-28 20:44:39   ImportManner键的值是：manual
 2014-09-28 20:44:40   日志目录的值是：D:\java\traffic\
 2014-09-28 20:44:45   全时手动！D:\java\traffic\140921A.LOG
 2014-09-28 20:47:14   ImportManner键的值是：manual
 2014-09-28 20:47:14   日志目录的值是：D:\java\traffic\
 2014-09-28 20:47:16   ImportManner键的值是：manual
 2014-09-28 20:47:17   日志目录的值是：D:\java\traffic\
 2014-09-28 20:47:52   ImportManner键的值是：manual
 2014-09-28 20:47:52   日志目录的值是：D:\java\traffic\
 2014-09-28 20:47:53   ImportManner键的值是：manual
 2014-09-28 20:47:54   日志目录的值是：D:\java\traffic\
 2014-09-28 20:49:24   ImportManner键的值是：manual
 2014-09-28 20:49:24   日志目录的值是：D:\java\traffic\
 2014-09-28 20:49:26   ImportManner键的值是：manual
 2014-09-28 20:49:27   日志目录的值是：D:\java\traffic\
 2014-09-28 20:49:33   全时手动！D:\java\traffic\140921A.LOG
 2014-09-28 20:49:51   ImportManner键的值是：manual
 2014-09-28 20:49:51   日志目录的值是：D:\java\traffic\
 2014-09-28 20:49:52   ImportManner键的值是：manual
 2014-09-28 20:49:53   日志目录的值是：D:\java\traffic\
 2014-09-28 20:49:58   全时手动！D:\java\traffic\140921A.LOG
 2014-09-28 20:50:10   ImportManner键的值是：manual
 2014-09-28 20:50:10   日志目录的值是：D:\java\traffic\
 2014-09-28 20:50:11   ImportManner键的值是：manual
 2014-09-28 20:50:12   日志目录的值是：D:\java\traffic\
 2014-09-28 20:50:18   全时手动！D:\java\traffic\140921A.LOG
 2014-09-28 20:51:58   ImportManner键的值是：manual
 2014-09-28 20:51:58   日志目录的值是：D:\java\traffic\
 2014-09-28 20:52:00   ImportManner键的值是：manual
 2014-09-28 20:52:01   日志目录的值是：D:\java\traffic\
 2014-09-28 20:53:23   全时手动！D:\java\traffic\140905A.LOG
 2014-09-28 20:56:46   ImportManner键的值是：manual
 2014-09-28 20:56:46   日志目录的值是：D:\java\traffic\
 2014-09-28 20:56:48   ImportManner键的值是：manual
 2014-09-28 20:56:49   日志目录的值是：D:\java\traffic\
 2014-09-28 20:56:54   全时手动！D:\java\traffic\140921A.LOG
 2014-09-28 20:58:55   ImportManner键的值是：manual
 2014-09-28 20:58:55   日志目录的值是：D:\java\traffic\
 2014-09-28 20:59:00   ImportManner键的值是：manual
 2014-09-28 20:59:00   日志目录的值是：D:\java\traffic\
 2014-09-28 20:59:02   ImportManner键的值是：manual
 2014-09-28 20:59:03   日志目录的值是：D:\java\traffic\
 2014-09-28 21:00:11   ImportManner键的值是：manual
 2014-09-28 21:00:11   日志目录的值是：D:\java\traffic\
 2014-09-28 21:00:13   ImportManner键的值是：manual
 2014-09-28 21:00:14   日志目录的值是：D:\java\traffic\
 2014-09-28 21:06:19   ImportManner键的值是：manual
 2014-09-28 21:06:20   日志目录的值是：D:\java\traffic\
 2014-09-28 21:06:22   ImportManner键的值是：manual
 2014-09-28 21:06:23   日志目录的值是：D:\java\traffic\
 2014-09-28 21:09:21   ImportManner键的值是：manual
 2014-09-28 21:09:21   日志目录的值是：D:\java\traffic\
 2014-09-28 21:09:31   ImportManner键的值是：manual
 2014-09-28 21:09:33   日志目录的值是：D:\java\traffic\
 2014-09-28 21:10:37   ImportManner键的值是：manual
 2014-09-28 21:10:37   日志目录的值是：D:\java\traffic\
 2014-09-28 21:10:39   ImportManner键的值是：manual
 2014-09-28 21:10:39   日志目录的值是：D:\java\traffic\
 2014-09-28 21:13:40   ImportManner键的值是：manual
 2014-09-28 21:13:40   日志目录的值是：D:\java\traffic\
 2014-09-28 21:13:41   ImportManner键的值是：manual
 2014-09-28 21:13:42   日志目录的值是：D:\java\traffic\
 2014-09-28 21:13:47   全时手动！D:\java\traffic\140921A.LOG
 2014-09-28 21:14:06   日志目录的值是：D:\java\traffic\
 2014-09-28 21:14:10   全时手动！D:\java\traffic\140921A.LOG
 2014-09-28 21:14:14   ImportManner键的值是：manual
 2014-09-28 21:14:15   日志目录的值是：D:\java\traffic\
 2014-09-28 21:14:20   全时手动！D:\java\traffic\140921A.LOG
 2014-09-28 21:14:23   ImportManner键的值是：manual
 2014-09-28 21:14:24   日志目录的值是：D:\java\traffic\
 2014-09-28 21:14:27   全时手动！nullnull
 2014-09-28 21:14:46   ImportManner键的值是：manual
 2014-09-28 21:14:46   日志目录的值是：D:\java\traffic\
 2014-09-28 21:14:47   ImportManner键的值是：manual
 2014-09-28 21:14:48   日志目录的值是：D:\java\traffic\
 2014-09-28 21:14:57   全时手动！D:\java\traffic\140921A.LOG
 2014-09-28 21:16:26   ImportManner键的值是：manual
 2014-09-28 21:16:26   日志目录的值是：D:\java\traffic\
 2014-09-28 21:16:27   ImportManner键的值是：manual
 2014-09-28 21:16:28   日志目录的值是：D:\java\traffic\
 2014-09-28 21:16:33   全时手动！D:\java\traffic\140921A.LOG
 2014-09-28 21:18:08   ImportManner键的值是：manual
 2014-09-28 21:18:08   日志目录的值是：D:\java\traffic\
 2014-09-28 21:18:09   ImportManner键的值是：manual
 2014-09-28 21:18:10   日志目录的值是：D:\java\traffic\
 2014-09-28 21:18:15   全时手动！D:\java\traffic\140921A.LOG
 2014-09-28 21:21:54   ImportManner键的值是：manual
 2014-09-28 21:21:54   日志目录的值是：D:\java\traffic\
 2014-09-28 21:21:55   ImportManner键的值是：manual
 2014-09-28 21:21:56   日志目录的值是：D:\java\traffic\
 2014-09-28 21:22:01   全时手动！D:\java\traffic\140921A.LOG
 2014-09-28 21:24:46   ImportManner键的值是：manual
 2014-09-28 21:24:46   日志目录的值是：D:\java\traffic\
 2014-09-28 21:24:50   ImportManner键的值是：manual
 2014-09-28 21:24:51   日志目录的值是：D:\java\traffic\
 2014-09-28 21:24:56   全时手动！D:\java\traffic\140921A.LOG
 2014-09-28 21:26:12   ImportManner键的值是：manual
 2014-09-28 21:26:12   日志目录的值是：D:\java\traffic\
 2014-09-28 21:26:13   ImportManner键的值是：manual
 2014-09-28 21:26:14   日志目录的值是：D:\java\traffic\
 2014-09-28 21:26:23   全时手动！D:\java\traffic\140921A.LOG
 2014-09-28 21:27:58   ImportManner键的值是：manual
 2014-09-28 21:27:58   日志目录的值是：D:\java\traffic\
 2014-09-28 21:27:59   ImportManner键的值是：manual
 2014-09-28 21:28:00   日志目录的值是：D:\java\traffic\
 2014-09-28 21:28:07   全时手动！D:\java\traffic\140921A.LOG
 2014-09-28 21:28:37   日志目录的值是：D:\java\traffic\
 2014-09-28 21:30:22   ImportManner键的值是：manual
 2014-09-28 21:30:22   日志目录的值是：D:\java\traffic\
 2014-09-28 21:30:23   ImportManner键的值是：manual
 2014-09-28 21:30:24   日志目录的值是：D:\java\traffic\
 2014-09-28 21:30:30   全时手动！D:\java\traffic\140921A.LOG
 2014-09-28 21:30:36   日志目录的值是：D:\java\traffic\
 2014-09-28 21:31:01   ImportManner键的值是：manual
 2014-09-28 21:31:01   日志目录的值是：D:\java\traffic\
 2014-09-28 21:31:03   ImportManner键的值是：manual
 2014-09-28 21:31:04   日志目录的值是：D:\java\traffic\
 2014-09-28 21:31:47   ImportManner键的值是：manual
 2014-09-28 21:31:47   日志目录的值是：D:\java\traffic\
 2014-09-28 21:31:48   ImportManner键的值是：manual
 2014-09-28 21:31:49   日志目录的值是：D:\java\traffic\
 2014-09-28 21:32:11   ImportManner键的值是：manual
 2014-09-28 21:32:11   日志目录的值是：D:\java\traffic\
 2014-09-28 21:32:12   ImportManner键的值是：manual
 2014-09-28 21:32:13   日志目录的值是：D:\java\traffic\
 2014-09-28 21:32:18   全时手动！D:\java\traffic\140921A.LOG
 2014-09-28 21:32:39   ImportManner键的值是：manual
 2014-09-28 21:32:39   日志目录的值是：D:\java\traffic\
 2014-09-28 21:32:40   ImportManner键的值是：manual
 2014-09-28 21:32:41   日志目录的值是：D:\java\traffic\
 2014-09-28 21:32:46   全时手动！D:\java\traffic\140921A.LOG
 2014-09-28 21:32:48   ImportManner键的值是：manual
 2014-09-28 21:32:49   日志目录的值是：D:\java\traffic\
 2014-09-28 21:33:17   ImportManner键的值是：manual
 2014-09-28 21:33:17   日志目录的值是：D:\java\traffic\
 2014-09-28 21:33:18   ImportManner键的值是：manual
 2014-09-28 21:33:19   日志目录的值是：D:\java\traffic\
 2014-09-28 21:38:55   ImportManner键的值是：manual
 2014-09-28 21:38:55   日志目录的值是：D:\java\traffic\
 2014-09-28 21:38:56   ImportManner键的值是：manual
 2014-09-28 21:38:57   日志目录的值是：D:\java\traffic\
 2014-09-28 21:39:02   全时手动！D:\java\traffic\140921A.LOG
 2014-09-28 21:39:06   日志目录的值是：D:\java\traffic\
 2014-09-28 21:39:42   日志目录的值是：D:\java\traffic\
 2014-09-28 21:39:54   全时手动！nullnull
 2014-09-28 21:42:50   ImportManner键的值是：manual
 2014-09-28 21:42:50   日志目录的值是：D:\java\traffic\
 2014-09-28 21:42:51   ImportManner键的值是：manual
 2014-09-28 21:42:55   日志目录的值是：D:\java\traffic\
 2014-09-28 21:43:08   全时手动！D:\java\traffic\140921A.LOG
 2014-09-28 21:43:25   ImportManner键的值是：manual
 2014-09-28 21:48:09   ImportManner键的值是：manual
 2014-09-28 21:48:09   日志目录的值是：D:\java\traffic\
 2014-09-28 21:48:10   ImportManner键的值是：manual
 2014-09-28 21:48:14   日志目录的值是：D:\java\traffic\
 2014-09-28 21:48:29   全时手动！D:\java\traffic\140921A.LOG
 2014-09-28 21:49:34   ImportManner键的值是：manual
 2014-09-28 21:49:34   日志目录的值是：D:\java\traffic\
 2014-09-28 21:49:35   ImportManner键的值是：manual
 2014-09-28 21:49:36   日志目录的值是：D:\java\traffic\
 2014-09-28 21:49:42   全时手动！D:\java\traffic\140921A.LOG
 2014-09-28 21:49:49   ImportManner键的值是：manual
 2014-09-28 21:51:27   ImportManner键的值是：manual
 2014-09-28 21:51:27   日志目录的值是：D:\java\traffic\
 2014-09-28 21:51:28   ImportManner键的值是：manual
 2014-09-28 21:51:30   日志目录的值是：D:\java\traffic\
 2014-09-28 21:51:34   全时手动！D:\java\traffic\140921A.LOG
 2014-09-28 21:52:14   ImportManner键的值是：manual
 2014-09-28 21:52:14   日志目录的值是：D:\java\traffic\
 2014-09-28 21:52:15   ImportManner键的值是：manual
 2014-09-28 21:52:16   日志目录的值是：D:\java\traffic\
 2014-09-28 21:52:21   全时手动！D:\java\traffic\140921A.LOG
 2014-09-28 21:52:40   ImportManner键的值是：manual
 2014-09-28 21:52:40   日志目录的值是：D:\java\traffic\
 2014-09-28 21:52:42   ImportManner键的值是：manual
 2014-09-28 21:52:43   日志目录的值是：D:\java\traffic\
 2014-09-28 21:53:37   ImportManner键的值是：manual
 2014-09-28 21:53:37   日志目录的值是：D:\java\traffic\
 2014-09-28 21:53:38   ImportManner键的值是：manual
 2014-09-28 21:53:39   日志目录的值是：D:\java\traffic\
 2014-09-28 21:53:45   全时手动！D:\java\traffic\140921A.LOG
 2014-09-28 21:53:58   ImportManner键的值是：manual
 2014-09-28 21:53:58   日志目录的值是：D:\java\traffic\
 2014-09-28 21:54:00   ImportManner键的值是：manual
 2014-09-28 21:54:01   日志目录的值是：D:\java\traffic\
 2014-09-28 21:54:05   全时手动！D:\java\traffic\140921A.LOG
 2014-09-28 21:54:53   ImportManner键的值是：manual
 2014-09-28 21:54:54   日志目录的值是：D:\java\traffic\
 2014-09-28 21:54:55   ImportManner键的值是：manual
 2014-09-28 21:54:56   日志目录的值是：D:\java\traffic\
 2014-09-28 21:55:00   全时手动！D:\java\traffic\140921A.LOG
 2014-09-28 21:55:31   ImportManner键的值是：manual
 2014-09-28 21:55:31   日志目录的值是：D:\java\traffic\
 2014-09-28 21:55:33   ImportManner键的值是：manual
 2014-09-28 21:55:34   日志目录的值是：D:\java\traffic\
 2014-09-28 21:55:39   全时手动！D:\java\traffic\140921A.LOG
 2014-09-28 21:57:51   ImportManner键的值是：manual
 2014-09-28 21:57:51   日志目录的值是：D:\java\traffic\
 2014-09-28 21:57:53   ImportManner键的值是：manual
 2014-09-28 21:59:17   ImportManner键的值是：manual
 2014-09-28 21:59:17   日志目录的值是：D:\java\traffic\
 2014-09-28 21:59:19   ImportManner键的值是：manual
 2014-09-28 21:59:19   日志目录的值是：D:\java\traffic\
 2014-09-28 21:59:24   全时手动！D:\java\traffic\140921A.LOG
 2014-09-28 21:59:29   日志目录的值是：D:\java\traffic\
 2014-09-28 21:59:33   全时手动！D:\java\traffic\140921A.LOG
 2014-09-28 22:00:17   ImportManner键的值是：manual
 2014-09-28 22:00:17   日志目录的值是：D:\java\traffic\
 2014-09-28 22:00:18   ImportManner键的值是：manual
 2014-09-28 22:00:23   日志目录的值是：D:\java\traffic\
 2014-09-28 22:00:30   全时手动！D:\java\traffic\140921A.LOG
 2014-09-28 22:01:11   日志目录的值是：D:\java\traffic\
 2014-09-28 22:01:58   全时手动！nullnull
 2014-09-28 22:02:06   ImportManner键的值是：manual
 2014-09-28 22:02:06   日志目录的值是：D:\java\traffic\
 2014-09-28 22:02:07   ImportManner键的值是：manual
 2014-09-28 22:02:08   日志目录的值是：D:\java\traffic\
 2014-09-28 22:02:13   全时手动！D:\java\traffic\140921A.LOG
 2014-09-28 22:02:17   日志目录的值是：D:\java\traffic\
 2014-09-28 22:02:22   全时手动！D:\java\traffic\140921A.LOG
 2014-09-28 22:02:38   ImportManner键的值是：manual
 2014-09-28 22:02:38   日志目录的值是：D:\java\traffic\
 2014-09-28 22:02:39   ImportManner键的值是：manual
 2014-09-28 22:02:41   日志目录的值是：D:\java\traffic\
 2014-09-28 22:04:07   全时手动！D:\java\traffic\140905A.LOG
 2014-09-28 22:04:11   日志目录的值是：D:\java\traffic\
 2014-09-29 22:22:11   ImportManner键的值是：manual
 2014-09-29 22:22:11   日志目录的值是：D:\java\traffic\
 2014-09-29 22:36:42   ImportManner键的值是：manual
 2014-09-29 22:36:42   日志目录的值是：D:\java\traffic\
 2014-09-29 22:37:51   ImportManner键的值是：manual
 2014-09-29 22:37:51   日志目录的值是：D:\java\traffic\
 2014-09-29 22:39:25   ImportManner键的值是：manual
 2014-09-29 22:39:25   日志目录的值是：D:\java\traffic\
 2014-09-29 22:40:56   ImportManner键的值是：manual
 2014-09-29 22:40:56   日志目录的值是：D:\java\traffic\
 2014-09-29 22:44:10   ImportManner键的值是：manual
 2014-09-29 22:44:10   日志目录的值是：D:\java\traffic\
 2014-09-29 22:44:20   ImportManner键的值是：manual
 2014-09-29 22:44:21   日志目录的值是：D:\java\traffic\
 2014-09-29 22:47:00   ImportManner键的值是：manual
 2014-09-29 22:47:00   日志目录的值是：D:\java\traffic\
 2014-09-29 22:48:23   ImportManner键的值是：manual
 2014-09-29 22:48:23   日志目录的值是：D:\java\traffic\
 2014-09-29 22:50:13   ImportManner键的值是：manual
 2014-09-29 22:50:14   日志目录的值是：D:\java\traffic\
 2014-09-29 22:51:12   ImportManner键的值是：manual
 2014-09-29 22:51:12   日志目录的值是：D:\java\traffic\
 2014-09-29 22:57:52   ImportManner键的值是：manual
 2014-09-29 22:57:52   日志目录的值是：D:\java\traffic\
 2014-09-29 23:05:34   ImportManner键的值是：manual
 2014-09-29 23:05:34   日志目录的值是：D:\java\traffic\
 2014-09-29 23:07:48   ImportManner键的值是：manual
 2014-09-29 23:07:48   日志目录的值是：D:\java\traffic\
 2014-09-29 23:09:05   ImportManner键的值是：manual
 2014-09-29 23:09:06   日志目录的值是：D:\java\traffic\
 2014-09-29 23:11:02   ImportManner键的值是：manual
 2014-09-29 23:11:02   日志目录的值是：D:\java\traffic\
 2014-09-29 23:12:15   ImportManner键的值是：manual
 2014-09-29 23:12:15   日志目录的值是：D:\java\traffic\
 2014-09-29 23:13:37   ImportManner键的值是：manual
 2014-09-29 23:13:37   日志目录的值是：D:\java\traffic\
 2014-09-29 23:16:38   ImportManner键的值是：manual
 2014-09-29 23:16:38   日志目录的值是：D:\java\traffic\
 2014-09-29 23:19:28   ImportManner键的值是：manual
 2014-09-29 23:19:28   日志目录的值是：D:\java\traffic\
 2014-09-29 23:21:35   ImportManner键的值是：manual
 2014-09-29 23:21:35   日志目录的值是：D:\java\traffic\
 2014-10-02 22:39:40   ImportManner键的值是：manual
 2014-10-02 22:39:40   日志目录的值是：D:\java\traffic\
 2014-10-02 22:48:00   ImportManner键的值是：manual
 2014-10-02 22:48:00   日志目录的值是：D:\java\traffic\
 2014-10-02 22:53:56   ImportManner键的值是：manual
 2014-10-02 22:53:56   日志目录的值是：D:\java\traffic\
 2014-10-02 22:54:11   ImportManner键的值是：manual
 2014-10-02 22:54:11   日志目录的值是：D:\java\traffic\
 2014-10-02 23:47:46   ImportManner键的值是：manual
 2014-10-02 23:47:46   日志目录的值是：D:\java\traffic\
 2014-10-02 23:48:38   ImportManner键的值是：manual
 2014-10-02 23:48:38   日志目录的值是：D:\java\traffic\
 2014-10-02 23:49:37   ImportManner键的值是：manual
 2014-10-02 23:49:37   日志目录的值是：D:\java\traffic\
 2014-10-02 23:49:38   ImportManner键的值是：manual
 2014-10-02 23:49:42   ImportManner键的值是：manual
 2014-10-02 23:50:40   ImportManner键的值是：manual
 2014-10-02 23:50:40   日志目录的值是：D:\java\traffic\
 2014-10-03 00:04:44   ImportManner键的值是：manual
 2014-10-03 00:04:44   日志目录的值是：D:\java\traffic\
 2014-10-03 00:12:54   ImportManner键的值是：manual
 2014-10-03 00:12:54   日志目录的值是：D:\java\traffic\
 2014-10-03 00:16:13   ImportManner键的值是：manual
 2014-10-03 00:16:14   日志目录的值是：D:\java\traffic\
 2014-10-03 00:17:05   ImportManner键的值是：manual
 2014-10-03 00:17:05   日志目录的值是：D:\java\traffic\
 2014-10-03 00:20:30   ImportManner键的值是：manual
 2014-10-03 00:20:30   日志目录的值是：D:\java\traffic\
 2014-10-03 00:24:01   ImportManner键的值是：manual
 2014-10-03 00:24:01   日志目录的值是：D:\java\traffic\
 2014-10-03 00:24:39   ImportManner键的值是：manual
 2014-10-03 00:24:39   日志目录的值是：D:\java\traffic\
 2014-10-03 00:25:15   ImportManner键的值是：manual
 2014-10-03 00:25:15   日志目录的值是：D:\java\traffic\
 2014-10-03 00:26:02   ImportManner键的值是：manual
 2014-10-03 00:26:02   日志目录的值是：D:\java\traffic\
 2014-10-03 00:28:32   ImportManner键的值是：manual
 2014-10-03 00:28:32   日志目录的值是：D:\java\traffic\
 2014-10-03 00:33:44   ImportManner键的值是：manual
 2014-10-03 00:33:45   日志目录的值是：D:\java\traffic\
 2014-10-03 00:34:23   ImportManner键的值是：manual
 2014-10-04 22:27:20   ImportManner键的值是：manual
 2014-10-04 22:27:20   日志目录的值是：D:\java\traffic\
 2014-10-08 20:02:05   ImportManner键的值是：manual
 2014-10-08 20:02:05   日志目录的值是：D:\java\traffic\
 2014-10-08 20:02:31   ImportManner键的值是：manual
 2014-10-08 20:02:31   日志目录的值是：D:\java\traffic\
 2014-10-08 20:07:15   ImportManner键的值是：manual
 2014-10-08 20:07:15   日志目录的值是：D:\java\traffic\
 2014-10-08 20:07:52   ImportManner键的值是：manual
 2014-10-08 20:07:52   日志目录的值是：D:\java\traffic\
 2014-10-08 20:11:22   ImportManner键的值是：manual
 2014-10-08 20:11:22   日志目录的值是：D:\java\traffic\
 2014-10-08 20:11:40   ImportManner键的值是：manual
 2014-10-08 20:11:40   日志目录的值是：D:\java\traffic\
 2014-10-08 20:13:10   ImportManner键的值是：manual
 2014-10-08 20:13:11   日志目录的值是：D:\java\traffic\
 2014-10-08 20:16:45   ImportManner键的值是：manual
 2014-10-08 20:16:45   日志目录的值是：D:\java\traffic\
 2014-10-08 20:28:32   ImportManner键的值是：manual
 2014-10-08 20:28:32   日志目录的值是：D:\java\traffic\
 2014-10-08 20:29:39   ImportManner键的值是：manual
 2014-10-08 20:29:39   日志目录的值是：D:\java\traffic\
 2014-10-08 20:30:01   ImportManner键的值是：manual
 2014-10-08 20:30:01   日志目录的值是：D:\java\traffic\
 2014-10-08 20:30:19   ImportManner键的值是：manual
 2014-10-08 20:30:19   日志目录的值是：D:\java\traffic\
 2014-10-08 20:30:51   ImportManner键的值是：manual
 2014-10-08 20:30:51   日志目录的值是：D:\java\traffic\
 2014-10-08 20:31:25   ImportManner键的值是：manual
 2014-10-08 20:31:25   日志目录的值是：D:\java\traffic\
 2014-10-08 20:32:58   ImportManner键的值是：manual
 2014-10-08 20:32:58   日志目录的值是：D:\java\traffic\
 2014-10-08 20:33:31   ImportManner键的值是：manual
 2014-10-08 20:33:31   日志目录的值是：D:\java\traffic\
 2014-10-08 20:34:43   ImportManner键的值是：manual
 2014-10-08 20:34:43   日志目录的值是：D:\java\traffic\
 2014-10-08 20:35:09   ImportManner键的值是：manual
 2014-10-08 20:35:09   日志目录的值是：D:\java\traffic\
 2014-10-08 20:35:45   ImportManner键的值是：manual
 2014-10-08 20:35:45   日志目录的值是：D:\java\traffic\
 2014-10-08 20:36:07   ImportManner键的值是：manual
 2014-10-08 20:36:07   日志目录的值是：D:\java\traffic\
 2014-10-08 20:38:27   ImportManner键的值是：manual
 2014-10-08 20:38:32   ImportManner键的值是：manual
 2014-10-08 20:38:53   ImportManner键的值是：manual
 2014-10-08 20:38:53   日志目录的值是：D:\java\traffic\
 2014-10-08 22:24:11   ImportManner键的值是：manual
 2014-10-08 22:24:11   日志目录的值是：D:\java\traffic\
 2014-10-08 22:59:49   ImportManner键的值是：manual
 2014-10-08 22:59:49   日志目录的值是：D:\java\traffic\
 2015-02-04 23:13:13   ImportManner键的值是：manual
 2015-02-04 23:13:13   日志目录的值是：D:\java\traffic\
 2015-02-04 23:13:17   ImportManner键的值是：manual
 2015-02-04 23:13:22   ImportManner键的值是：manual
 2015-04-15 21:08:12   ImportManner键的值是：manual
 2015-04-15 21:08:12   日志目录的值是：D:\java\traffic\
 2015-04-15 21:08:18   ImportManner键的值是：manual
 2015-04-15 21:08:19   日志目录的值是：D:\java\traffic\
 2015-04-15 21:08:54   ImportManner键的值是：manual
 2015-04-15 21:09:33   ImportManner键的值是：manual
 2015-04-15 21:09:34   日志目录的值是：D:\java\traffic\
 2015-04-15 21:11:34   全时手动！D:\java\traffic\140902A.LOG
 2015-04-15 22:04:01   ImportManner键的值是：manual
 2015-04-15 22:04:02   日志目录的值是：D:\java\traffic\
 2015-04-19 21:35:01   ImportManner键的值是：manual
 2015-04-19 21:35:02   日志目录的值是：D:\java\traffic\
 2015-04-19 21:35:22   ImportManner键的值是：manual
 2015-04-19 21:35:22   日志目录的值是：D:\java\traffic\
 2015-04-19 21:40:03   ImportManner键的值是：manual
 2015-04-19 21:40:03   日志目录的值是：D:\java\traffic\
 2015-04-19 21:40:30   ImportManner键的值是：manual
 2015-04-19 21:40:30   日志目录的值是：D:\java\traffic\
 2015-06-12 23:14:35   ImportManner键的值是：manual
 2015-06-12 23:14:35   日志目录的值是：D:\java\traffic\
 2015-07-04 13:51:32   ImportManner键的值是：manual
 2015-07-04 13:51:33   日志目录的值是：D:\java\traffic\
 2015-07-04 13:51:34   ImportManner键的值是：manual
 2015-07-04 13:54:05   ImportManner键的值是：manual
 2015-07-04 13:54:06   日志目录的值是：D:\java\traffic\
 2015-07-04 14:02:43   ImportManner键的值是：manual
 2015-07-04 14:02:43   日志目录的值是：D:\java\traffic\
 2015-07-04 14:43:28   ImportManner键的值是：manual
 2015-07-04 14:43:28   日志目录的值是：D:\java\traffic\
 2015-07-04 14:43:29   ImportManner键的值是：manual
 2015-07-04 14:43:35   日志目录的值是：D:\java\traffic\
 2015-07-04 14:44:40   ImportManner键的值是：manual
 2015-07-04 14:44:40   日志目录的值是：D:\java\traffic\
 2015-07-04 14:44:41   ImportManner键的值是：manual
